2025-05-26 16:05:47,998 - 成功載入 0 筆虛擬訂單從 virtual_orders.csv
2025-05-26 16:05:47,999 - 期貨交易系統已啟動，輸入命令（/open_order, /force_order, /status, /close_all, /cancel_order），輸入 'exit' 退出
2025-05-26 16:06:03,271 - 開倉訂單提交：訂單ID=HSI-001, 合約=HK.MHI2505, 方向=long, 數量=1, 開倉價格=23234.0
2025-05-26 16:06:04,188 - 開倉訂單提交：訂單ID=HSI-002, 合約=HK.MHI2505, 方向=long, 數量=1, 開倉價格=23234.0
2025-05-26 16:06:05,029 - 開倉訂單成功成交：訂單ID=HSI-001, 合約=HK.MHI2505, 方向=long, 數量=1, 開倉價格=23234.0
2025-05-26 16:06:10,099 - 開倉訂單成功成交：訂單ID=HSI-002, 合約=HK.MHI2505, 方向=long, 數量=1, 開倉價格=23234.0
2025-05-26 16:06:21,936 - 開倉訂單提交：訂單ID=HSI-003, 合約=HK.MHI2505, 方向=long, 數量=1, 開倉價格=23200.0
2025-05-26 16:06:28,673 - 訂單 HSI-003 取消提交成功
2025-05-26 16:06:31,727 - === 當前持倉 ===
2025-05-26 16:06:31,813 - ID: HSI-001, 合約=HK.MHI2505, 方向=多, 數量=1, 價格=23234.0, 浮動盈虧=-90.00
2025-05-26 16:06:31,895 - ID: HSI-002, 合約=HK.MHI2505, 方向=多, 數量=1, 價格=23234.0, 浮動盈虧=-90.00
2025-05-26 16:06:41,310 - 開倉訂單提交：訂單ID=HSI-004, 合約=HK.MHI2505, 方向=long, 數量=1, 開倉價格=23200.0
2025-05-26 16:06:44,334 - === 當前持倉 ===
2025-05-26 16:06:44,534 - ID: HSI-001, 合約=HK.MHI2505, 方向=多, 數量=1, 價格=23234.0, 浮動盈虧=-100.00
2025-05-26 16:06:44,736 - ID: HSI-002, 合約=HK.MHI2505, 方向=多, 數量=1, 價格=23234.0, 浮動盈虧=-100.00
2025-05-26 16:06:44,736 - === 待成交訂單 ===
2025-05-26 16:06:44,736 - ID: HSI-004, 合約=HK.MHI2505, 方向=多, 數量=1, 價格=23200.0, 類型=開倉
2025-05-26 16:06:56,300 - 訂單 HSI-004 取消提交成功
2025-05-26 16:06:58,870 - === 當前持倉 ===
2025-05-26 16:06:58,971 - ID: HSI-001, 合約=HK.MHI2505, 方向=多, 數量=1, 價格=23234.0, 浮動盈虧=-80.00
2025-05-26 16:06:59,073 - ID: HSI-002, 合約=HK.MHI2505, 方向=多, 數量=1, 價格=23234.0, 浮動盈虧=-80.00
2025-05-26 16:07:05,829 - 平倉訂單提交：訂單ID=HSI-001, 合約=HK.MHI2505, 方向=long, 數量=1, 平倉價格=23230.0
2025-05-26 16:07:16,473 - 平倉訂單成功成交：訂單ID=HSI-001, 合約=HK.MHI2505, 方向=long, 數量=1, 平倉價格=23230.0, 盈虧=40.0
2025-05-26 16:07:25,926 - === 當前持倉 ===
2025-05-26 16:07:26,194 - ID: HSI-002, 合約=HK.MHI2505, 方向=多, 數量=1, 價格=23234.0, 浮動盈虧=10.00
2025-05-26 16:07:33,169 - 開倉訂單提交：訂單ID=HSI-005, 合約=HK.MHI2505, 方向=long, 數量=1, 開倉價格=23234.0
2025-05-26 16:07:36,552 - 開倉訂單成功成交：訂單ID=HSI-005, 合約=HK.MHI2505, 方向=long, 數量=1, 開倉價格=23234.0
2025-05-26 16:07:46,175 - 平倉訂單提交：訂單ID=HSI-002, 合約=HK.MHI2505, 方向=long, 數量=1, 平倉價格=23234.0
2025-05-26 16:07:46,481 - 平倉訂單提交：訂單ID=HSI-005, 合約=HK.MHI2505, 方向=long, 數量=1, 平倉價格=23234.0
2025-05-26 16:07:46,481 - 全部平倉訂單提交完成
2025-05-26 16:07:49,254 - === 當前持倉 ===
2025-05-26 16:07:49,349 - ID: HSI-002, 合約=HK.MHI2505, 方向=多, 數量=1, 價格=23234.0, 浮動盈虧=0.00
2025-05-26 16:07:49,451 - ID: HSI-005, 合約=HK.MHI2505, 方向=多, 數量=1, 價格=23234.0, 浮動盈虧=0.00
2025-05-26 16:07:49,452 - === 待成交訂單 ===
2025-05-26 16:07:49,452 - ID: HSI-002, 合約=HK.MHI2505, 方向=多, 數量=1, 價格=23234.0, 類型=平倉
2025-05-26 16:07:49,452 - ID: HSI-005, 合約=HK.MHI2505, 方向=多, 數量=1, 價格=23234.0, 類型=平倉
2025-05-26 16:08:01,403 - 開倉訂單提交：訂單ID=HSI-006, 合約=HK.MHI2505, 方向=long, 數量=1, 開倉價格=23228.0
2025-05-26 16:08:12,190 - 開倉訂單成功成交：訂單ID=HSI-006, 合約=HK.MHI2505, 方向=long, 數量=1, 開倉價格=23228.0
2025-05-26 16:08:22,357 - 開倉訂單提交：訂單ID=HSI-007, 合約=HK.MHI2505, 方向=long, 數量=1, 開倉價格=23226.0
2025-05-26 16:08:36,083 - === 當前持倉 ===
2025-05-26 16:08:36,250 - ID: HSI-002, 合約=HK.MHI2505, 方向=多, 數量=1, 價格=23234.0, 浮動盈虧=-60.00
2025-05-26 16:08:36,351 - ID: HSI-005, 合約=HK.MHI2505, 方向=多, 數量=1, 價格=23234.0, 浮動盈虧=-60.00
2025-05-26 16:08:36,451 - ID: HSI-006, 合約=HK.MHI2505, 方向=多, 數量=1, 價格=23228.0, 浮動盈虧=0.00
2025-05-26 16:08:36,451 - === 待成交訂單 ===
2025-05-26 16:08:36,451 - ID: HSI-002, 合約=HK.MHI2505, 方向=多, 數量=1, 價格=23234.0, 類型=平倉
2025-05-26 16:08:36,451 - ID: HSI-005, 合約=HK.MHI2505, 方向=多, 數量=1, 價格=23234.0, 類型=平倉
2025-05-26 16:08:36,451 - ID: HSI-007, 合約=HK.MHI2505, 方向=多, 數量=1, 價格=23226.0, 類型=開倉
2025-05-26 16:08:58,884 - 訂單 HSI-002 取消提交成功
2025-05-26 16:09:01,133 - === 當前持倉 ===
2025-05-26 16:09:01,234 - ID: HSI-002, 合約=HK.MHI2505, 方向=多, 數量=1, 價格=23234.0, 浮動盈虧=30.00
2025-05-26 16:09:01,337 - ID: HSI-005, 合約=HK.MHI2505, 方向=多, 數量=1, 價格=23234.0, 浮動盈虧=30.00
2025-05-26 16:09:01,419 - ID: HSI-006, 合約=HK.MHI2505, 方向=多, 數量=1, 價格=23228.0, 浮動盈虧=90.00
2025-05-26 16:09:01,419 - === 待成交訂單 ===
2025-05-26 16:09:01,420 - ID: HSI-005, 合約=HK.MHI2505, 方向=多, 數量=1, 價格=23234.0, 類型=平倉
2025-05-26 16:09:01,420 - ID: HSI-007, 合約=HK.MHI2505, 方向=多, 數量=1, 價格=23226.0, 類型=開倉
2025-05-26 16:09:03,546 - 平倉訂單成功成交：訂單ID=HSI-005, 合約=HK.MHI2505, 方向=long, 數量=1, 平倉價格=23234.0, 盈虧=0.0
2025-05-26 16:09:07,582 - === 當前持倉 ===
2025-05-26 16:09:07,685 - ID: HSI-002, 合約=HK.MHI2505, 方向=多, 數量=1, 價格=23234.0, 浮動盈虧=50.00
2025-05-26 16:09:07,790 - ID: HSI-006, 合約=HK.MHI2505, 方向=多, 數量=1, 價格=23228.0, 浮動盈虧=110.00
2025-05-26 16:09:07,791 - === 待成交訂單 ===
2025-05-26 16:09:07,791 - ID: HSI-007, 合約=HK.MHI2505, 方向=多, 數量=1, 價格=23226.0, 類型=開倉
2025-05-26 16:09:20,887 - 訂單 HSI-007 取消提交成功
2025-05-26 16:09:23,083 - === 當前持倉 ===
2025-05-26 16:09:23,182 - ID: HSI-002, 合約=HK.MHI2505, 方向=多, 數量=1, 價格=23234.0, 浮動盈虧=40.00
2025-05-26 16:09:23,266 - ID: HSI-006, 合約=HK.MHI2505, 方向=多, 數量=1, 價格=23228.0, 浮動盈虧=100.00
2025-05-26 16:09:26,021 - 退出系統
2025-05-26 16:09:26,028 - 成功保存 2 筆虛擬訂單到 virtual_orders.csv
2025-05-26 16:09:31,369 - 成功載入 2 筆虛擬訂單從 virtual_orders.csv
2025-05-26 16:09:31,371 - 期貨交易系統已啟動，輸入命令（/open_order, /force_order, /status, /close_all, /cancel_order），輸入 'exit' 退出
2025-05-26 16:09:39,782 - === 當前持倉 ===
2025-05-26 16:09:39,879 - ID: HSI-002, 合約=HK.MHI2505, 方向=多, 數量=1, 價格=23234.0, 浮動盈虧=50.00
2025-05-26 16:09:39,969 - ID: HSI-006, 合約=HK.MHI2505, 方向=多, 數量=1, 價格=23228.0, 浮動盈虧=110.00
2025-05-26 16:09:52,915 - 開倉訂單提交：訂單ID=HSI-007, 合約=HK.MHI2505, 方向=long, 數量=1, 開倉價格=23238.0
2025-05-26 16:09:54,399 - 開倉訂單成功成交：訂單ID=HSI-007, 合約=HK.MHI2505, 方向=long, 數量=1, 開倉價格=23238.0
2025-05-26 16:10:00,351 - === 當前持倉 ===
2025-05-26 16:10:00,431 - ID: HSI-002, 合約=HK.MHI2505, 方向=多, 數量=1, 價格=23234.0, 浮動盈虧=20.00
2025-05-26 16:10:00,511 - ID: HSI-006, 合約=HK.MHI2505, 方向=多, 數量=1, 價格=23228.0, 浮動盈虧=90.00
2025-05-26 16:10:00,594 - ID: HSI-007, 合約=HK.MHI2505, 方向=多, 數量=1, 價格=23238.0, 浮動盈虧=-10.00
2025-05-26 16:10:06,361 - 平倉訂單提交：訂單ID=HSI-002, 合約=HK.MHI2505, 方向=long, 數量=1, 平倉價格=23238.0
2025-05-26 16:10:06,662 - 平倉訂單提交：訂單ID=HSI-006, 合約=HK.MHI2505, 方向=long, 數量=1, 平倉價格=23238.0
2025-05-26 16:10:06,916 - 平倉訂單提交：訂單ID=HSI-007, 合約=HK.MHI2505, 方向=long, 數量=1, 平倉價格=23238.0
2025-05-26 16:10:06,916 - 全部平倉訂單提交完成
2025-05-26 16:10:10,523 - 平倉訂單成功成交：訂單ID=HSI-002, 合約=HK.MHI2505, 方向=long, 數量=1, 平倉價格=23238.0, 盈虧=-40.0
2025-05-26 16:10:10,551 - 平倉訂單成功成交：訂單ID=HSI-006, 合約=HK.MHI2505, 方向=long, 數量=1, 平倉價格=23238.0, 盈虧=-100.0
2025-05-26 16:10:10,581 - 平倉訂單成功成交：訂單ID=HSI-007, 合約=HK.MHI2505, 方向=long, 數量=1, 平倉價格=23238.0, 盈虧=0.0
2025-05-26 16:10:14,841 - 查詢持倉：無持倉或待成交訂單
